⚠ "next start" does not work with "output: standalone" configuration. Use "node .next/standalone/server.js" instead.
POST /api/heartbeat error: SyntaxError: Unexpected end of JSON input
    at JSON.parse (<anonymous>)
Queue processor error: TypeError: t.join is not a function
    at A (.next/server/chunks/[root-of-the-server]__4fbfb13e._.js:174:1994)
    at w (.next/server/chunks/[root-of-the-server]__4fbfb13e._.js:188:103)
Queue processor error: TypeError: t.join is not a function
    at A (.next/server/chunks/[root-of-the-server]__4fbfb13e._.js:174:1994)
    at w (.next/server/chunks/[root-of-the-server]__4fbfb13e._.js:188:103)
node:internal/modules/cjs/loader:1458
  throw err;
  ^

Error: Cannot find module '/Users/andrewkershaw/mission-control/.next/standalone/server.js'
    at Module._resolveFilename (node:internal/modules/cjs/loader:1455:15)
    at defaultResolveImpl (node:internal/modules/cjs/loader:1065:19)
    at resolveForCJSWithHooks (node:internal/modules/cjs/loader:1070:22)
    at Module._load (node:internal/modules/cjs/loader:1241:25)
    at wrapModuleLoad (node:internal/modules/cjs/loader:255:19)
    at Module.executeUserEntryPoint [as runMain] (node:internal/modules/run_main:154:5)
    at node:internal/main/run_main_module:33:47 {
  code: 'MODULE_NOT_FOUND',
  requireStack: []
}

Node.js v25.6.1
node:internal/modules/cjs/loader:1458
  throw err;
  ^

Error: Cannot find module '/Users/andrewkershaw/mission-control/.next/standalone/server.js'
    at Module._resolveFilename (node:internal/modules/cjs/loader:1455:15)
    at defaultResolveImpl (node:internal/modules/cjs/loader:1065:19)
    at resolveForCJSWithHooks (node:internal/modules/cjs/loader:1070:22)
    at Module._load (node:internal/modules/cjs/loader:1241:25)
    at wrapModuleLoad (node:internal/modules/cjs/loader:255:19)
    at Module.executeUserEntryPoint [as runMain] (node:internal/modules/run_main:154:5)
    at node:internal/main/run_main_module:33:47 {
  code: 'MODULE_NOT_FOUND',
  requireStack: []
}

Node.js v25.6.1
node:internal/modules/cjs/loader:1458
  throw err;
  ^

Error: Cannot find module '/Users/andrewkershaw/mission-control/.next/standalone/server.js'
    at Module._resolveFilename (node:internal/modules/cjs/loader:1455:15)
    at defaultResolveImpl (node:internal/modules/cjs/loader:1065:19)
    at resolveForCJSWithHooks (node:internal/modules/cjs/loader:1070:22)
    at Module._load (node:internal/modules/cjs/loader:1241:25)
    at wrapModuleLoad (node:internal/modules/cjs/loader:255:19)
    at Module.executeUserEntryPoint [as runMain] (node:internal/modules/run_main:154:5)
    at node:internal/main/run_main_module:33:47 {
  code: 'MODULE_NOT_FOUND',
  requireStack: []
}

Node.js v25.6.1
node:internal/modules/cjs/loader:1458
  throw err;
  ^

Error: Cannot find module '/Users/andrewkershaw/mission-control/.next/standalone/server.js'
    at Module._resolveFilename (node:internal/modules/cjs/loader:1455:15)
    at defaultResolveImpl (node:internal/modules/cjs/loader:1065:19)
    at resolveForCJSWithHooks (node:internal/modules/cjs/loader:1070:22)
    at Module._load (node:internal/modules/cjs/loader:1241:25)
    at wrapModuleLoad (node:internal/modules/cjs/loader:255:19)
    at Module.executeUserEntryPoint [as runMain] (node:internal/modules/run_main:154:5)
    at node:internal/main/run_main_module:33:47 {
  code: 'MODULE_NOT_FOUND',
  requireStack: []
}

Node.js v25.6.1
node:internal/modules/cjs/loader:1458
  throw err;
  ^

Error: Cannot find module '/Users/andrewkershaw/mission-control/.next/standalone/server.js'
    at Module._resolveFilename (node:internal/modules/cjs/loader:1455:15)
    at defaultResolveImpl (node:internal/modules/cjs/loader:1065:19)
    at resolveForCJSWithHooks (node:internal/modules/cjs/loader:1070:22)
    at Module._load (node:internal/modules/cjs/loader:1241:25)
    at wrapModuleLoad (node:internal/modules/cjs/loader:255:19)
    at Module.executeUserEntryPoint [as runMain] (node:internal/modules/run_main:154:5)
    at node:internal/main/run_main_module:33:47 {
  code: 'MODULE_NOT_FOUND',
  requireStack: []
}

Node.js v25.6.1
node:internal/modules/cjs/loader:1458
  throw err;
  ^

Error: Cannot find module '/Users/andrewkershaw/mission-control/.next/standalone/server.js'
    at Module._resolveFilename (node:internal/modules/cjs/loader:1455:15)
    at defaultResolveImpl (node:internal/modules/cjs/loader:1065:19)
    at resolveForCJSWithHooks (node:internal/modules/cjs/loader:1070:22)
    at Module._load (node:internal/modules/cjs/loader:1241:25)
    at wrapModuleLoad (node:internal/modules/cjs/loader:255:19)
    at Module.executeUserEntryPoint [as runMain] (node:internal/modules/run_main:154:5)
    at node:internal/main/run_main_module:33:47 {
  code: 'MODULE_NOT_FOUND',
  requireStack: []
}

Node.js v25.6.1
node:internal/modules/cjs/loader:1458
  throw err;
  ^

Error: Cannot find module '/Users/andrewkershaw/mission-control/.next/standalone/server.js'
    at Module._resolveFilename (node:internal/modules/cjs/loader:1455:15)
    at defaultResolveImpl (node:internal/modules/cjs/loader:1065:19)
    at resolveForCJSWithHooks (node:internal/modules/cjs/loader:1070:22)
    at Module._load (node:internal/modules/cjs/loader:1241:25)
    at wrapModuleLoad (node:internal/modules/cjs/loader:255:19)
    at Module.executeUserEntryPoint [as runMain] (node:internal/modules/run_main:154:5)
    at node:internal/main/run_main_module:33:47 {
  code: 'MODULE_NOT_FOUND',
  requireStack: []
}

Node.js v25.6.1
node:internal/modules/cjs/loader:1458
  throw err;
  ^

Error: Cannot find module '/Users/andrewkershaw/mission-control/.next/standalone/server.js'
    at Module._resolveFilename (node:internal/modules/cjs/loader:1455:15)
    at defaultResolveImpl (node:internal/modules/cjs/loader:1065:19)
    at resolveForCJSWithHooks (node:internal/modules/cjs/loader:1070:22)
    at Module._load (node:internal/modules/cjs/loader:1241:25)
    at wrapModuleLoad (node:internal/modules/cjs/loader:255:19)
    at Module.executeUserEntryPoint [as runMain] (node:internal/modules/run_main:154:5)
    at node:internal/main/run_main_module:33:47 {
  code: 'MODULE_NOT_FOUND',
  requireStack: []
}

Node.js v25.6.1
node:internal/modules/cjs/loader:1458
  throw err;
  ^

Error: Cannot find module '/Users/andrewkershaw/mission-control/.next/standalone/server.js'
    at Module._resolveFilename (node:internal/modules/cjs/loader:1455:15)
    at defaultResolveImpl (node:internal/modules/cjs/loader:1065:19)
    at resolveForCJSWithHooks (node:internal/modules/cjs/loader:1070:22)
    at Module._load (node:internal/modules/cjs/loader:1241:25)
    at wrapModuleLoad (node:internal/modules/cjs/loader:255:19)
    at Module.executeUserEntryPoint [as runMain] (node:internal/modules/run_main:154:5)
    at node:internal/main/run_main_module:33:47 {
  code: 'MODULE_NOT_FOUND',
  requireStack: []
}

Node.js v25.6.1
node:internal/modules/cjs/loader:1458
  throw err;
  ^

Error: Cannot find module '/Users/andrewkershaw/mission-control/.next/standalone/server.js'
    at Module._resolveFilename (node:internal/modules/cjs/loader:1455:15)
    at defaultResolveImpl (node:internal/modules/cjs/loader:1065:19)
    at resolveForCJSWithHooks (node:internal/modules/cjs/loader:1070:22)
    at Module._load (node:internal/modules/cjs/loader:1241:25)
    at wrapModuleLoad (node:internal/modules/cjs/loader:255:19)
    at Module.executeUserEntryPoint [as runMain] (node:internal/modules/run_main:154:5)
    at node:internal/main/run_main_module:33:47 {
  code: 'MODULE_NOT_FOUND',
  requireStack: []
}

Node.js v25.6.1
node:internal/modules/cjs/loader:1458
  throw err;
  ^

Error: Cannot find module '/Users/andrewkershaw/mission-control/.next/standalone/server.js'
    at Module._resolveFilename (node:internal/modules/cjs/loader:1455:15)
    at defaultResolveImpl (node:internal/modules/cjs/loader:1065:19)
    at resolveForCJSWithHooks (node:internal/modules/cjs/loader:1070:22)
    at Module._load (node:internal/modules/cjs/loader:1241:25)
    at wrapModuleLoad (node:internal/modules/cjs/loader:255:19)
    at Module.executeUserEntryPoint [as runMain] (node:internal/modules/run_main:154:5)
    at node:internal/main/run_main_module:33:47 {
  code: 'MODULE_NOT_FOUND',
  requireStack: []
}

Node.js v25.6.1
node:internal/modules/cjs/loader:1458
  throw err;
  ^

Error: Cannot find module '/Users/andrewkershaw/mission-control/.next/standalone/server.js'
    at Module._resolveFilename (node:internal/modules/cjs/loader:1455:15)
    at defaultResolveImpl (node:internal/modules/cjs/loader:1065:19)
    at resolveForCJSWithHooks (node:internal/modules/cjs/loader:1070:22)
    at Module._load (node:internal/modules/cjs/loader:1241:25)
    at wrapModuleLoad (node:internal/modules/cjs/loader:255:19)
    at Module.executeUserEntryPoint [as runMain] (node:internal/modules/run_main:154:5)
    at node:internal/main/run_main_module:33:47 {
  code: 'MODULE_NOT_FOUND',
  requireStack: []
}

Node.js v25.6.1
node:internal/modules/cjs/loader:1458
  throw err;
  ^

Error: Cannot find module '/Users/andrewkershaw/mission-control/.next/standalone/server.js'
    at Module._resolveFilename (node:internal/modules/cjs/loader:1455:15)
    at defaultResolveImpl (node:internal/modules/cjs/loader:1065:19)
    at resolveForCJSWithHooks (node:internal/modules/cjs/loader:1070:22)
    at Module._load (node:internal/modules/cjs/loader:1241:25)
    at wrapModuleLoad (node:internal/modules/cjs/loader:255:19)
    at Module.executeUserEntryPoint [as runMain] (node:internal/modules/run_main:154:5)
    at node:internal/main/run_main_module:33:47 {
  code: 'MODULE_NOT_FOUND',
  requireStack: []
}

Node.js v25.6.1
node:internal/modules/cjs/loader:1458
  throw err;
  ^

Error: Cannot find module '/Users/andrewkershaw/mission-control/.next/standalone/server.js'
    at Module._resolveFilename (node:internal/modules/cjs/loader:1455:15)
    at defaultResolveImpl (node:internal/modules/cjs/loader:1065:19)
    at resolveForCJSWithHooks (node:internal/modules/cjs/loader:1070:22)
    at Module._load (node:internal/modules/cjs/loader:1241:25)
    at wrapModuleLoad (node:internal/modules/cjs/loader:255:19)
    at Module.executeUserEntryPoint [as runMain] (node:internal/modules/run_main:154:5)
    at node:internal/main/run_main_module:33:47 {
  code: 'MODULE_NOT_FOUND',
  requireStack: []
}

Node.js v25.6.1
node:internal/modules/cjs/loader:1458
  throw err;
  ^

Error: Cannot find module '/Users/andrewkershaw/mission-control/.next/standalone/server.js'
    at Module._resolveFilename (node:internal/modules/cjs/loader:1455:15)
    at defaultResolveImpl (node:internal/modules/cjs/loader:1065:19)
    at resolveForCJSWithHooks (node:internal/modules/cjs/loader:1070:22)
    at Module._load (node:internal/modules/cjs/loader:1241:25)
    at wrapModuleLoad (node:internal/modules/cjs/loader:255:19)
    at Module.executeUserEntryPoint [as runMain] (node:internal/modules/run_main:154:5)
    at node:internal/main/run_main_module:33:47 {
  code: 'MODULE_NOT_FOUND',
  requireStack: []
}

Node.js v25.6.1
node:internal/modules/cjs/loader:1458
  throw err;
  ^

Error: Cannot find module '/Users/andrewkershaw/mission-control/.next/standalone/server.js'
    at Module._resolveFilename (node:internal/modules/cjs/loader:1455:15)
    at defaultResolveImpl (node:internal/modules/cjs/loader:1065:19)
    at resolveForCJSWithHooks (node:internal/modules/cjs/loader:1070:22)
    at Module._load (node:internal/modules/cjs/loader:1241:25)
    at wrapModuleLoad (node:internal/modules/cjs/loader:255:19)
    at Module.executeUserEntryPoint [as runMain] (node:internal/modules/run_main:154:5)
    at node:internal/main/run_main_module:33:47 {
  code: 'MODULE_NOT_FOUND',
  requireStack: []
}

Node.js v25.6.1
node:internal/modules/cjs/loader:1458
  throw err;
  ^

Error: Cannot find module '/Users/andrewkershaw/mission-control/.next/standalone/server.js'
    at Module._resolveFilename (node:internal/modules/cjs/loader:1455:15)
    at defaultResolveImpl (node:internal/modules/cjs/loader:1065:19)
    at resolveForCJSWithHooks (node:internal/modules/cjs/loader:1070:22)
    at Module._load (node:internal/modules/cjs/loader:1241:25)
    at wrapModuleLoad (node:internal/modules/cjs/loader:255:19)
    at Module.executeUserEntryPoint [as runMain] (node:internal/modules/run_main:154:5)
    at node:internal/main/run_main_module:33:47 {
  code: 'MODULE_NOT_FOUND',
  requireStack: []
}

Node.js v25.6.1
node:internal/modules/cjs/loader:1458
  throw err;
  ^

Error: Cannot find module '/Users/andrewkershaw/mission-control/.next/standalone/server.js'
    at Module._resolveFilename (node:internal/modules/cjs/loader:1455:15)
    at defaultResolveImpl (node:internal/modules/cjs/loader:1065:19)
    at resolveForCJSWithHooks (node:internal/modules/cjs/loader:1070:22)
    at Module._load (node:internal/modules/cjs/loader:1241:25)
    at wrapModuleLoad (node:internal/modules/cjs/loader:255:19)
    at Module.executeUserEntryPoint [as runMain] (node:internal/modules/run_main:154:5)
    at node:internal/main/run_main_module:33:47 {
  code: 'MODULE_NOT_FOUND',
  requireStack: []
}

Node.js v25.6.1
node:internal/modules/cjs/loader:1458
  throw err;
  ^

Error: Cannot find module '/Users/andrewkershaw/mission-control/.next/standalone/server.js'
    at Module._resolveFilename (node:internal/modules/cjs/loader:1455:15)
    at defaultResolveImpl (node:internal/modules/cjs/loader:1065:19)
    at resolveForCJSWithHooks (node:internal/modules/cjs/loader:1070:22)
    at Module._load (node:internal/modules/cjs/loader:1241:25)
    at wrapModuleLoad (node:internal/modules/cjs/loader:255:19)
    at Module.executeUserEntryPoint [as runMain] (node:internal/modules/run_main:154:5)
    at node:internal/main/run_main_module:33:47 {
  code: 'MODULE_NOT_FOUND',
  requireStack: []
}

Node.js v25.6.1
node:internal/modules/cjs/loader:1458
  throw err;
  ^

Error: Cannot find module '/Users/andrewkershaw/mission-control/.next/standalone/server.js'
    at Module._resolveFilename (node:internal/modules/cjs/loader:1455:15)
    at defaultResolveImpl (node:internal/modules/cjs/loader:1065:19)
    at resolveForCJSWithHooks (node:internal/modules/cjs/loader:1070:22)
    at Module._load (node:internal/modules/cjs/loader:1241:25)
    at wrapModuleLoad (node:internal/modules/cjs/loader:255:19)
    at Module.executeUserEntryPoint [as runMain] (node:internal/modules/run_main:154:5)
    at node:internal/main/run_main_module:33:47 {
  code: 'MODULE_NOT_FOUND',
  requireStack: []
}

Node.js v25.6.1
node:internal/modules/cjs/loader:1458
  throw err;
  ^

Error: Cannot find module '/Users/andrewkershaw/mission-control/.next/standalone/server.js'
    at Module._resolveFilename (node:internal/modules/cjs/loader:1455:15)
    at defaultResolveImpl (node:internal/modules/cjs/loader:1065:19)
    at resolveForCJSWithHooks (node:internal/modules/cjs/loader:1070:22)
    at Module._load (node:internal/modules/cjs/loader:1241:25)
    at wrapModuleLoad (node:internal/modules/cjs/loader:255:19)
    at Module.executeUserEntryPoint [as runMain] (node:internal/modules/run_main:154:5)
    at node:internal/main/run_main_module:33:47 {
  code: 'MODULE_NOT_FOUND',
  requireStack: []
}

Node.js v25.6.1
node:internal/modules/cjs/loader:1458
  throw err;
  ^

Error: Cannot find module '/Users/andrewkershaw/mission-control/.next/standalone/server.js'
    at Module._resolveFilename (node:internal/modules/cjs/loader:1455:15)
    at defaultResolveImpl (node:internal/modules/cjs/loader:1065:19)
    at resolveForCJSWithHooks (node:internal/modules/cjs/loader:1070:22)
    at Module._load (node:internal/modules/cjs/loader:1241:25)
    at wrapModuleLoad (node:internal/modules/cjs/loader:255:19)
    at Module.executeUserEntryPoint [as runMain] (node:internal/modules/run_main:154:5)
    at node:internal/main/run_main_module:33:47 {
  code: 'MODULE_NOT_FOUND',
  requireStack: []
}

Node.js v25.6.1
node:internal/modules/cjs/loader:1458
  throw err;
  ^

Error: Cannot find module '/Users/andrewkershaw/mission-control/.next/standalone/server.js'
    at Module._resolveFilename (node:internal/modules/cjs/loader:1455:15)
    at defaultResolveImpl (node:internal/modules/cjs/loader:1065:19)
    at resolveForCJSWithHooks (node:internal/modules/cjs/loader:1070:22)
    at Module._load (node:internal/modules/cjs/loader:1241:25)
    at wrapModuleLoad (node:internal/modules/cjs/loader:255:19)
    at Module.executeUserEntryPoint [as runMain] (node:internal/modules/run_main:154:5)
    at node:internal/main/run_main_module:33:47 {
  code: 'MODULE_NOT_FOUND',
  requireStack: []
}

Node.js v25.6.1
node:internal/modules/cjs/loader:1458
  throw err;
  ^

Error: Cannot find module '/Users/andrewkershaw/mission-control/.next/standalone/server.js'
    at Module._resolveFilename (node:internal/modules/cjs/loader:1455:15)
    at defaultResolveImpl (node:internal/modules/cjs/loader:1065:19)
    at resolveForCJSWithHooks (node:internal/modules/cjs/loader:1070:22)
    at Module._load (node:internal/modules/cjs/loader:1241:25)
    at wrapModuleLoad (node:internal/modules/cjs/loader:255:19)
    at Module.executeUserEntryPoint [as runMain] (node:internal/modules/run_main:154:5)
    at node:internal/main/run_main_module:33:47 {
  code: 'MODULE_NOT_FOUND',
  requireStack: []
}

Node.js v25.6.1
node:internal/modules/cjs/loader:1458
  throw err;
  ^

Error: Cannot find module '/Users/andrewkershaw/mission-control/.next/standalone/server.js'
    at Module._resolveFilename (node:internal/modules/cjs/loader:1455:15)
    at defaultResolveImpl (node:internal/modules/cjs/loader:1065:19)
    at resolveForCJSWithHooks (node:internal/modules/cjs/loader:1070:22)
    at Module._load (node:internal/modules/cjs/loader:1241:25)
    at wrapModuleLoad (node:internal/modules/cjs/loader:255:19)
    at Module.executeUserEntryPoint [as runMain] (node:internal/modules/run_main:154:5)
    at node:internal/main/run_main_module:33:47 {
  code: 'MODULE_NOT_FOUND',
  requireStack: []
}

Node.js v25.6.1
