▲ Next.js 16.1.6
- Local:         http://localhost:3003
- Network:       http://192.168.1.152:3003

✓ Starting...
✓ Ready in 2.2s
▲ Next.js 16.1.6
- Local:         http://localhost:3003
- Network:       http://0.0.0.0:3003

✓ Starting...
✓ Ready in 1591ms
▲ Next.js 16.1.6
- Local:         http://localhost:3003
- Network:       http://0.0.0.0:3003

✓ Starting...
✓ Ready in 929ms
▲ Next.js 16.1.6
- Local:         http://localhost:3003
- Network:       http://0.0.0.0:3003

✓ Starting...
✓ Ready in 62ms
▲ Next.js 16.1.6
- Local:         http://localhost:3003
- Network:       http://0.0.0.0:3003

✓ Starting...
✓ Ready in 53ms
